2018-11-03 10:34:06.259  INFO 12356 --- [restartedMain] s.c.a.AnnotationConfigApplicationContext : Refreshing org.springframework.context.annotation.AnnotationConfigApplicationContext@2bd69355: startup date [Sat Nov 03 10:34:06 IST 2018]; root of context hierarchy
2018-11-03 10:34:06.614  INFO 12356 --- [restartedMain] trationDelegate$BeanPostProcessorChecker : Bean 'configurationPropertiesRebinderAutoConfiguration' of type [org.springframework.cloud.autoconfigure.ConfigurationPropertiesRebinderAutoConfiguration$$EnhancerBySpringCGLIB$$ecc6ac45] is not eligible for getting processed by all BeanPostProcessors (for example: not eligible for auto-proxying)
2018-11-03 10:34:08.237  INFO 12356 --- [restartedMain] c.c.c.ConfigServicePropertySourceLocator : Fetching config from server at : http://localhost:8888
2018-11-03 10:34:24.955  INFO 12356 --- [restartedMain] c.c.c.ConfigServicePropertySourceLocator : Located environment: name=dimension-service, profiles=[dev], label=null, version=03743aea21b8797f6d7027cc3a9448ea32833c4e, state=null
2018-11-03 10:34:24.957  INFO 12356 --- [restartedMain] b.c.PropertySourceBootstrapConfiguration : Located property source: CompositePropertySource {name='configService', propertySources=[MapPropertySource {name='configClient'}, MapPropertySource {name='https://github.com/TapojitB/BlogPost6Application/ConfigData/dimension-service-dev.properties'}, MapPropertySource {name='https://github.com/TapojitB/BlogPost6Application/ConfigData/dimension-service.properties'}]}
2018-11-03 10:34:25.014  INFO 12356 --- [restartedMain] c.e.m.d.DimensionServiceApplication      : The following profiles are active: dev
2018-11-03 10:34:25.033  INFO 12356 --- [restartedMain] ConfigServletWebServerApplicationContext : Refreshing org.springframework.boot.web.servlet.context.AnnotationConfigServletWebServerApplicationContext@7d648748: startup date [Sat Nov 03 10:34:25 IST 2018]; parent: org.springframework.context.annotation.AnnotationConfigApplicationContext@2bd69355
2018-11-03 10:34:26.549  INFO 12356 --- [restartedMain] o.s.cloud.context.scope.GenericScope     : BeanFactory id=489dd4b9-b3ac-3389-b2af-304350a0ef3c
2018-11-03 10:34:26.597  INFO 12356 --- [restartedMain] trationDelegate$BeanPostProcessorChecker : Bean 'org.springframework.cloud.autoconfigure.ConfigurationPropertiesRebinderAutoConfiguration' of type [org.springframework.cloud.autoconfigure.ConfigurationPropertiesRebinderAutoConfiguration$$EnhancerBySpringCGLIB$$ecc6ac45] is not eligible for getting processed by all BeanPostProcessors (for example: not eligible for auto-proxying)
2018-11-03 10:34:27.200  INFO 12356 --- [restartedMain] o.s.b.w.embedded.tomcat.TomcatWebServer  : Tomcat initialized with port(s): 8080 (http)
2018-11-03 10:34:27.223  INFO 12356 --- [restartedMain] o.apache.catalina.core.StandardService   : Starting service [Tomcat]
2018-11-03 10:34:27.224  INFO 12356 --- [restartedMain] org.apache.catalina.core.StandardEngine  : Starting Servlet Engine: Apache Tomcat/8.5.34
2018-11-03 10:34:27.229  INFO 12356 --- [localhost-startStop-1] o.a.catalina.core.AprLifecycleListener   : The APR based Apache Tomcat Native library which allows optimal performance in production environments was not found on the java.library.path: [C:\Program Files\Java\jre1.8.0_191\bin;C:\WINDOWS\Sun\Java\bin;C:\WINDOWS\system32;C:\WINDOWS;C:/Program Files/Java/jre1.8.0_191/bin/server;C:/Program Files/Java/jre1.8.0_191/bin;C:/Program Files/Java/jre1.8.0_191/lib/amd64;C:\Program Files (x86)\Common Files\Oracle\Java\javapath;C:\WINDOWS\system32;C:\WINDOWS;C:\WINDOWS\System32\Wbem;C:\WINDOWS\System32\WindowsPowerShell\v1.0\;C:\Program Files\Java\jdk1.8.0_191\bin;C:\Users\TapojitBhattacharya\Softwares\apache-maven-3.5.2-bin\apache-maven-3.5.2\bin;C:\Program Files\IBM\Bluemix\bin;C:\WINDOWS\System32\OpenSSH\;C:\Program Files\Git\cmd;C:\Users\TapojitBhattacharya\AppData\Local\Microsoft\WindowsApps;C:\Program Files (x86)\CVSNT\;%USERPROFILE%\AppData\Local\Microsoft\WindowsApps;;C:\Users\TapojitBhattacharya\Documents\Personal\Softwares\sts-bundle\sts-3.9.6.RELEASE;;.]
2018-11-03 10:34:27.353  INFO 12356 --- [localhost-startStop-1] o.a.c.c.C.[Tomcat].[localhost].[/]       : Initializing Spring embedded WebApplicationContext
2018-11-03 10:34:27.353  INFO 12356 --- [localhost-startStop-1] o.s.web.context.ContextLoader            : Root WebApplicationContext: initialization completed in 2320 ms
2018-11-03 10:34:28.383  INFO 12356 --- [localhost-startStop-1] o.s.b.w.servlet.FilterRegistrationBean   : Mapping filter: 'characterEncodingFilter' to: [/*]
2018-11-03 10:34:28.385  INFO 12356 --- [localhost-startStop-1] o.s.b.w.servlet.FilterRegistrationBean   : Mapping filter: 'webMvcMetricsFilter' to: [/*]
2018-11-03 10:34:28.387  INFO 12356 --- [localhost-startStop-1] o.s.b.w.servlet.FilterRegistrationBean   : Mapping filter: 'hiddenHttpMethodFilter' to: [/*]
2018-11-03 10:34:28.387  INFO 12356 --- [localhost-startStop-1] o.s.b.w.servlet.FilterRegistrationBean   : Mapping filter: 'httpPutFormContentFilter' to: [/*]
2018-11-03 10:34:28.387  INFO 12356 --- [localhost-startStop-1] o.s.b.w.servlet.FilterRegistrationBean   : Mapping filter: 'requestContextFilter' to: [/*]
2018-11-03 10:34:28.387  INFO 12356 --- [localhost-startStop-1] o.s.b.w.servlet.FilterRegistrationBean   : Mapping filter: 'httpTraceFilter' to: [/*]
2018-11-03 10:34:28.389  INFO 12356 --- [localhost-startStop-1] o.s.b.w.servlet.ServletRegistrationBean  : Servlet dispatcherServlet mapped to [/]
2018-11-03 10:34:28.518  INFO 12356 --- [restartedMain] o.s.w.s.handler.SimpleUrlHandlerMapping  : Mapped URL path [/**/favicon.ico] onto handler of type [class org.springframework.web.servlet.resource.ResourceHttpRequestHandler]
2018-11-03 10:34:28.876  INFO 12356 --- [restartedMain] s.w.s.m.m.a.RequestMappingHandlerAdapter : Looking for @ControllerAdvice: org.springframework.boot.web.servlet.context.AnnotationConfigServletWebServerApplicationContext@7d648748: startup date [Sat Nov 03 10:34:25 IST 2018]; parent: org.springframework.context.annotation.AnnotationConfigApplicationContext@2bd69355
2018-11-03 10:34:28.982  INFO 12356 --- [restartedMain] s.w.s.m.m.a.RequestMappingHandlerMapping : Mapped "{[/dimensions],methods=[GET]}" onto public com.evergreenprogrammer.microservices.dimensionservice.Dimension com.evergreenprogrammer.microservices.dimensionservice.DimensionController.retrieveDimension()
2018-11-03 10:34:28.992  INFO 12356 --- [restartedMain] s.w.s.m.m.a.RequestMappingHandlerMapping : Mapped "{[/error]}" onto public org.springframework.http.ResponseEntity<java.util.Map<java.lang.String, java.lang.Object>> org.springframework.boot.autoconfigure.web.servlet.error.BasicErrorController.error(javax.servlet.http.HttpServletRequest)
2018-11-03 10:34:28.993  INFO 12356 --- [restartedMain] s.w.s.m.m.a.RequestMappingHandlerMapping : Mapped "{[/error],produces=[text/html]}" onto public org.springframework.web.servlet.ModelAndView org.springframework.boot.autoconfigure.web.servlet.error.BasicErrorController.errorHtml(javax.servlet.http.HttpServletRequest,javax.servlet.http.HttpServletResponse)
2018-11-03 10:34:29.040  INFO 12356 --- [restartedMain] o.s.w.s.handler.SimpleUrlHandlerMapping  : Mapped URL path [/webjars/**] onto handler of type [class org.springframework.web.servlet.resource.ResourceHttpRequestHandler]
2018-11-03 10:34:29.040  INFO 12356 --- [restartedMain] o.s.w.s.handler.SimpleUrlHandlerMapping  : Mapped URL path [/**] onto handler of type [class org.springframework.web.servlet.resource.ResourceHttpRequestHandler]
2018-11-03 10:34:29.497  WARN 12356 --- [restartedMain] o.s.b.d.a.OptionalLiveReloadServer       : Unable to start LiveReload server
2018-11-03 10:34:30.939  INFO 12356 --- [restartedMain] o.s.cloud.commons.util.InetUtils         : Cannot determine local hostname
2018-11-03 10:34:30.983  INFO 12356 --- [restartedMain] o.s.b.a.e.web.EndpointLinksResolver      : Exposing 2 endpoint(s) beneath base path '/actuator'
2018-11-03 10:34:31.013  INFO 12356 --- [restartedMain] s.b.a.e.w.s.WebMvcEndpointHandlerMapping : Mapped "{[/actuator/health],methods=[GET],produces=[application/vnd.spring-boot.actuator.v2+json || application/json]}" onto public java.lang.Object org.springframework.boot.actuate.endpoint.web.servlet.AbstractWebMvcEndpointHandlerMapping$OperationHandler.handle(javax.servlet.http.HttpServletRequest,java.util.Map<java.lang.String, java.lang.String>)
2018-11-03 10:34:31.016  INFO 12356 --- [restartedMain] s.b.a.e.w.s.WebMvcEndpointHandlerMapping : Mapped "{[/actuator/info],methods=[GET],produces=[application/vnd.spring-boot.actuator.v2+json || application/json]}" onto public java.lang.Object org.springframework.boot.actuate.endpoint.web.servlet.AbstractWebMvcEndpointHandlerMapping$OperationHandler.handle(javax.servlet.http.HttpServletRequest,java.util.Map<java.lang.String, java.lang.String>)
2018-11-03 10:34:31.017  INFO 12356 --- [restartedMain] s.b.a.e.w.s.WebMvcEndpointHandlerMapping : Mapped "{[/actuator],methods=[GET],produces=[application/vnd.spring-boot.actuator.v2+json || application/json]}" onto protected java.util.Map<java.lang.String, java.util.Map<java.lang.String, org.springframework.boot.actuate.endpoint.web.Link>> org.springframework.boot.actuate.endpoint.web.servlet.WebMvcEndpointHandlerMapping.links(javax.servlet.http.HttpServletRequest,javax.servlet.http.HttpServletResponse)
2018-11-03 10:34:31.081  INFO 12356 --- [restartedMain] o.s.j.e.a.AnnotationMBeanExporter        : Registering beans for JMX exposure on startup
2018-11-03 10:34:31.100  INFO 12356 --- [restartedMain] o.s.j.e.a.AnnotationMBeanExporter        : Bean with name 'environmentManager' has been autodetected for JMX exposure
2018-11-03 10:34:31.105  INFO 12356 --- [restartedMain] o.s.j.e.a.AnnotationMBeanExporter        : Bean with name 'refreshScope' has been autodetected for JMX exposure
2018-11-03 10:34:31.111  INFO 12356 --- [restartedMain] o.s.j.e.a.AnnotationMBeanExporter        : Bean with name 'configurationPropertiesRebinder' has been autodetected for JMX exposure
2018-11-03 10:34:31.115  INFO 12356 --- [restartedMain] o.s.j.e.a.AnnotationMBeanExporter        : Located managed bean 'environmentManager': registering with JMX server as MBean [org.springframework.cloud.context.environment:name=environmentManager,type=EnvironmentManager]
2018-11-03 10:34:31.132  INFO 12356 --- [restartedMain] o.s.j.e.a.AnnotationMBeanExporter        : Located managed bean 'refreshScope': registering with JMX server as MBean [org.springframework.cloud.context.scope.refresh:name=refreshScope,type=RefreshScope]
2018-11-03 10:34:31.154  INFO 12356 --- [restartedMain] o.s.j.e.a.AnnotationMBeanExporter        : Located managed bean 'configurationPropertiesRebinder': registering with JMX server as MBean [org.springframework.cloud.context.properties:name=configurationPropertiesRebinder,context=7d648748,type=ConfigurationPropertiesRebinder]
2018-11-03 10:34:31.254  INFO 12356 --- [restartedMain] o.s.b.w.embedded.tomcat.TomcatWebServer  : Tomcat started on port(s): 8080 (http) with context path ''
2018-11-03 10:34:31.261  INFO 12356 --- [restartedMain] c.e.m.d.DimensionServiceApplication      : Started DimensionServiceApplication in 26.971 seconds (JVM running for 28.321)
2018-11-03 18:56:48.442  INFO 12356 --- [RMI TCP Connection(588)-127.0.0.1] inMXBeanRegistrar$SpringApplicationAdmin : Application shutdown requested.
2018-11-03 18:56:48.488  INFO 12356 --- [RMI TCP Connection(588)-127.0.0.1] ConfigServletWebServerApplicationContext : Closing org.springframework.boot.web.servlet.context.AnnotationConfigServletWebServerApplicationContext@7d648748: startup date [Sat Nov 03 10:34:25 IST 2018]; parent: org.springframework.context.annotation.AnnotationConfigApplicationContext@2bd69355
2018-11-03 18:56:48.720  INFO 12356 --- [RMI TCP Connection(588)-127.0.0.1] o.s.j.e.a.AnnotationMBeanExporter        : Unregistering JMX-exposed beans on shutdown
2018-11-03 18:56:48.736  INFO 12356 --- [RMI TCP Connection(588)-127.0.0.1] o.s.j.e.a.AnnotationMBeanExporter        : Unregistering JMX-exposed beans
2018-11-03 18:56:49.090  INFO 12356 --- [RMI TCP Connection(588)-127.0.0.1] o.apache.catalina.core.StandardService   : Stopping service [Tomcat]
