2018-11-03 10:34:43.277  INFO 1380 --- [restartedMain] c.e.m.a.AreaServiceApplication           : Starting AreaServiceApplication on DESKTOP-T5HSAB1 with PID 1380 (C:\Users\TapojitBhattacharya\sts-workspace\microservices\BlogApplicationInstallments\BlogPost6Application\area-service\target\classes started by TapojitBhattacharya in C:\Users\TapojitBhattacharya\sts-workspace\microservices\BlogApplicationInstallments\BlogPost6Application\area-service)
2018-11-03 10:34:43.283  INFO 1380 --- [restartedMain] c.e.m.a.AreaServiceApplication           : No active profile set, falling back to default profiles: default
2018-11-03 10:34:43.357  INFO 1380 --- [restartedMain] ConfigServletWebServerApplicationContext : Refreshing org.springframework.boot.web.servlet.context.AnnotationConfigServletWebServerApplicationContext@26132789: startup date [Sat Nov 03 10:34:43 IST 2018]; root of context hierarchy
2018-11-03 10:34:45.421  INFO 1380 --- [restartedMain] o.s.b.w.embedded.tomcat.TomcatWebServer  : Tomcat initialized with port(s): 8000 (http)
2018-11-03 10:34:45.446  INFO 1380 --- [restartedMain] o.apache.catalina.core.StandardService   : Starting service [Tomcat]
2018-11-03 10:34:45.448  INFO 1380 --- [restartedMain] org.apache.catalina.core.StandardEngine  : Starting Servlet Engine: Apache Tomcat/8.5.34
2018-11-03 10:34:45.453  INFO 1380 --- [localhost-startStop-1] o.a.catalina.core.AprLifecycleListener   : The APR based Apache Tomcat Native library which allows optimal performance in production environments was not found on the java.library.path: [C:\Program Files\Java\jre1.8.0_191\bin;C:\WINDOWS\Sun\Java\bin;C:\WINDOWS\system32;C:\WINDOWS;C:/Program Files/Java/jre1.8.0_191/bin/server;C:/Program Files/Java/jre1.8.0_191/bin;C:/Program Files/Java/jre1.8.0_191/lib/amd64;C:\Program Files (x86)\Common Files\Oracle\Java\javapath;C:\WINDOWS\system32;C:\WINDOWS;C:\WINDOWS\System32\Wbem;C:\WINDOWS\System32\WindowsPowerShell\v1.0\;C:\Program Files\Java\jdk1.8.0_191\bin;C:\Users\TapojitBhattacharya\Softwares\apache-maven-3.5.2-bin\apache-maven-3.5.2\bin;C:\Program Files\IBM\Bluemix\bin;C:\WINDOWS\System32\OpenSSH\;C:\Program Files\Git\cmd;C:\Users\TapojitBhattacharya\AppData\Local\Microsoft\WindowsApps;C:\Program Files (x86)\CVSNT\;%USERPROFILE%\AppData\Local\Microsoft\WindowsApps;;C:\Users\TapojitBhattacharya\Documents\Personal\Softwares\sts-bundle\sts-3.9.6.RELEASE;;.]
2018-11-03 10:34:45.545  INFO 1380 --- [localhost-startStop-1] o.a.c.c.C.[Tomcat].[localhost].[/]       : Initializing Spring embedded WebApplicationContext
2018-11-03 10:34:45.545  INFO 1380 --- [localhost-startStop-1] o.s.web.context.ContextLoader            : Root WebApplicationContext: initialization completed in 2188 ms
2018-11-03 10:34:46.323  INFO 1380 --- [localhost-startStop-1] o.s.b.w.servlet.FilterRegistrationBean   : Mapping filter: 'characterEncodingFilter' to: [/*]
2018-11-03 10:34:46.324  INFO 1380 --- [localhost-startStop-1] o.s.b.w.servlet.FilterRegistrationBean   : Mapping filter: 'webMvcMetricsFilter' to: [/*]
2018-11-03 10:34:46.325  INFO 1380 --- [localhost-startStop-1] o.s.b.w.servlet.FilterRegistrationBean   : Mapping filter: 'hiddenHttpMethodFilter' to: [/*]
2018-11-03 10:34:46.325  INFO 1380 --- [localhost-startStop-1] o.s.b.w.servlet.FilterRegistrationBean   : Mapping filter: 'httpPutFormContentFilter' to: [/*]
2018-11-03 10:34:46.325  INFO 1380 --- [localhost-startStop-1] o.s.b.w.servlet.FilterRegistrationBean   : Mapping filter: 'requestContextFilter' to: [/*]
2018-11-03 10:34:46.325  INFO 1380 --- [localhost-startStop-1] o.s.b.w.servlet.FilterRegistrationBean   : Mapping filter: 'httpTraceFilter' to: [/*]
2018-11-03 10:34:46.325  INFO 1380 --- [localhost-startStop-1] o.s.b.w.servlet.ServletRegistrationBean  : Servlet dispatcherServlet mapped to [/]
2018-11-03 10:34:46.448  INFO 1380 --- [restartedMain] o.s.w.s.handler.SimpleUrlHandlerMapping  : Mapped URL path [/**/favicon.ico] onto handler of type [class org.springframework.web.servlet.resource.ResourceHttpRequestHandler]
2018-11-03 10:34:46.681  INFO 1380 --- [restartedMain] s.w.s.m.m.a.RequestMappingHandlerAdapter : Looking for @ControllerAdvice: org.springframework.boot.web.servlet.context.AnnotationConfigServletWebServerApplicationContext@26132789: startup date [Sat Nov 03 10:34:43 IST 2018]; root of context hierarchy
2018-11-03 10:34:46.765  INFO 1380 --- [restartedMain] s.w.s.m.m.a.RequestMappingHandlerMapping : Mapped "{[/area/shapeType/{shapeType}],methods=[GET]}" onto public com.evergreenprogrammer.microservices.areaservice.bo.Area com.evergreenprogrammer.microservices.areaservice.controller.AreaServiceController.getArea(java.lang.String)
2018-11-03 10:34:46.769  INFO 1380 --- [restartedMain] s.w.s.m.m.a.RequestMappingHandlerMapping : Mapped "{[/error]}" onto public org.springframework.http.ResponseEntity<java.util.Map<java.lang.String, java.lang.Object>> org.springframework.boot.autoconfigure.web.servlet.error.BasicErrorController.error(javax.servlet.http.HttpServletRequest)
2018-11-03 10:34:46.771  INFO 1380 --- [restartedMain] s.w.s.m.m.a.RequestMappingHandlerMapping : Mapped "{[/error],produces=[text/html]}" onto public org.springframework.web.servlet.ModelAndView org.springframework.boot.autoconfigure.web.servlet.error.BasicErrorController.errorHtml(javax.servlet.http.HttpServletRequest,javax.servlet.http.HttpServletResponse)
2018-11-03 10:34:46.809  INFO 1380 --- [restartedMain] o.s.w.s.handler.SimpleUrlHandlerMapping  : Mapped URL path [/webjars/**] onto handler of type [class org.springframework.web.servlet.resource.ResourceHttpRequestHandler]
2018-11-03 10:34:46.809  INFO 1380 --- [restartedMain] o.s.w.s.handler.SimpleUrlHandlerMapping  : Mapped URL path [/**] onto handler of type [class org.springframework.web.servlet.resource.ResourceHttpRequestHandler]
2018-11-03 10:34:47.245  WARN 1380 --- [restartedMain] o.s.b.d.a.OptionalLiveReloadServer       : Unable to start LiveReload server
2018-11-03 10:34:47.259  INFO 1380 --- [restartedMain] o.s.b.a.e.web.EndpointLinksResolver      : Exposing 2 endpoint(s) beneath base path '/actuator'
2018-11-03 10:34:47.271  INFO 1380 --- [restartedMain] s.b.a.e.w.s.WebMvcEndpointHandlerMapping : Mapped "{[/actuator/health],methods=[GET],produces=[application/vnd.spring-boot.actuator.v2+json || application/json]}" onto public java.lang.Object org.springframework.boot.actuate.endpoint.web.servlet.AbstractWebMvcEndpointHandlerMapping$OperationHandler.handle(javax.servlet.http.HttpServletRequest,java.util.Map<java.lang.String, java.lang.String>)
2018-11-03 10:34:47.273  INFO 1380 --- [restartedMain] s.b.a.e.w.s.WebMvcEndpointHandlerMapping : Mapped "{[/actuator/info],methods=[GET],produces=[application/vnd.spring-boot.actuator.v2+json || application/json]}" onto public java.lang.Object org.springframework.boot.actuate.endpoint.web.servlet.AbstractWebMvcEndpointHandlerMapping$OperationHandler.handle(javax.servlet.http.HttpServletRequest,java.util.Map<java.lang.String, java.lang.String>)
2018-11-03 10:34:47.274  INFO 1380 --- [restartedMain] s.b.a.e.w.s.WebMvcEndpointHandlerMapping : Mapped "{[/actuator],methods=[GET],produces=[application/vnd.spring-boot.actuator.v2+json || application/json]}" onto protected java.util.Map<java.lang.String, java.util.Map<java.lang.String, org.springframework.boot.actuate.endpoint.web.Link>> org.springframework.boot.actuate.endpoint.web.servlet.WebMvcEndpointHandlerMapping.links(javax.servlet.http.HttpServletRequest,javax.servlet.http.HttpServletResponse)
2018-11-03 10:34:47.347  INFO 1380 --- [restartedMain] o.s.j.e.a.AnnotationMBeanExporter        : Registering beans for JMX exposure on startup
2018-11-03 10:34:47.606  INFO 1380 --- [restartedMain] o.s.b.w.embedded.tomcat.TomcatWebServer  : Tomcat started on port(s): 8000 (http) with context path ''
2018-11-03 10:34:47.612  INFO 1380 --- [restartedMain] c.e.m.a.AreaServiceApplication           : Started AreaServiceApplication in 4.787 seconds (JVM running for 6.054)
2018-11-03 10:38:22.653  INFO 1380 --- [http-nio-8000-exec-1] o.a.c.c.C.[Tomcat].[localhost].[/]       : Initializing Spring FrameworkServlet 'dispatcherServlet'
2018-11-03 10:38:22.655  INFO 1380 --- [http-nio-8000-exec-1] o.s.web.servlet.DispatcherServlet        : FrameworkServlet 'dispatcherServlet': initialization started
2018-11-03 10:38:22.683  INFO 1380 --- [http-nio-8000-exec-1] o.s.web.servlet.DispatcherServlet        : FrameworkServlet 'dispatcherServlet': initialization completed in 26 ms
2018-11-03 10:38:22.738  INFO 1380 --- [http-nio-8000-exec-1] c.e.m.a.c.AreaServiceController          : AreaServiceController.getArea.area---> {}50.26548245743669
2018-11-03 10:38:23.574  INFO 1380 --- [http-nio-8000-exec-2] c.e.m.a.c.AreaServiceController          : AreaServiceController.getArea.area---> {}50.26548245743669
2018-11-03 10:38:24.631  INFO 1380 --- [http-nio-8000-exec-4] c.e.m.a.c.AreaServiceController          : AreaServiceController.getArea.area---> {}50.26548245743669
2018-11-03 10:38:40.429  INFO 1380 --- [http-nio-8000-exec-3] c.e.m.a.c.AreaServiceController          : AreaServiceController.getArea.area---> {}50.26548245743669
2018-11-03 10:38:53.019  INFO 1380 --- [http-nio-8000-exec-5] c.e.m.a.c.AreaServiceController          : AreaServiceController.getArea.area---> {}50.26548245743669
2018-11-03 10:38:55.242  INFO 1380 --- [http-nio-8000-exec-8] c.e.m.a.c.AreaServiceController          : AreaServiceController.getArea.area---> {}50.26548245743669
2018-11-03 10:38:57.502  INFO 1380 --- [http-nio-8000-exec-6] c.e.m.a.c.AreaServiceController          : AreaServiceController.getArea.area---> {}50.26548245743669
2018-11-03 10:38:58.346  INFO 1380 --- [http-nio-8000-exec-7] c.e.m.a.c.AreaServiceController          : AreaServiceController.getArea.area---> {}50.26548245743669
2018-11-03 10:38:59.094  INFO 1380 --- [http-nio-8000-exec-9] c.e.m.a.c.AreaServiceController          : AreaServiceController.getArea.area---> {}50.26548245743669
2018-11-03 10:38:59.924  INFO 1380 --- [http-nio-8000-exec-10] c.e.m.a.c.AreaServiceController          : AreaServiceController.getArea.area---> {}50.26548245743669
2018-11-03 10:39:00.725  INFO 1380 --- [http-nio-8000-exec-1] c.e.m.a.c.AreaServiceController          : AreaServiceController.getArea.area---> {}50.26548245743669
2018-11-03 10:39:01.531  INFO 1380 --- [http-nio-8000-exec-2] c.e.m.a.c.AreaServiceController          : AreaServiceController.getArea.area---> {}50.26548245743669
2018-11-03 10:39:02.246  INFO 1380 --- [http-nio-8000-exec-4] c.e.m.a.c.AreaServiceController          : AreaServiceController.getArea.area---> {}50.26548245743669
2018-11-03 10:39:02.958  INFO 1380 --- [http-nio-8000-exec-3] c.e.m.a.c.AreaServiceController          : AreaServiceController.getArea.area---> {}50.26548245743669
2018-11-03 10:39:03.652  INFO 1380 --- [http-nio-8000-exec-5] c.e.m.a.c.AreaServiceController          : AreaServiceController.getArea.area---> {}50.26548245743669
2018-11-03 10:39:04.076  INFO 1380 --- [http-nio-8000-exec-8] c.e.m.a.c.AreaServiceController          : AreaServiceController.getArea.area---> {}50.26548245743669
2018-11-03 10:39:04.653  INFO 1380 --- [http-nio-8000-exec-6] c.e.m.a.c.AreaServiceController          : AreaServiceController.getArea.area---> {}50.26548245743669
2018-11-03 10:39:04.900  INFO 1380 --- [http-nio-8000-exec-7] c.e.m.a.c.AreaServiceController          : AreaServiceController.getArea.area---> {}50.26548245743669
2018-11-03 10:43:24.571  INFO 5872 --- [restartedMain] c.e.m.a.AreaServiceApplication           : Starting AreaServiceApplication on DESKTOP-T5HSAB1 with PID 5872 (C:\Users\TapojitBhattacharya\sts-workspace\microservices\BlogApplicationInstallments\BlogPost6Application\area-service\target\classes started by TapojitBhattacharya in C:\Users\TapojitBhattacharya\sts-workspace\microservices\BlogApplicationInstallments\BlogPost6Application\area-service)
2018-11-03 10:43:24.573  INFO 5872 --- [restartedMain] c.e.m.a.AreaServiceApplication           : No active profile set, falling back to default profiles: default
2018-11-03 10:43:24.637  INFO 5872 --- [restartedMain] ConfigServletWebServerApplicationContext : Refreshing org.springframework.boot.web.servlet.context.AnnotationConfigServletWebServerApplicationContext@156641d5: startup date [Sat Nov 03 10:43:24 IST 2018]; root of context hierarchy
2018-11-03 10:43:26.684  INFO 5872 --- [restartedMain] o.s.b.w.embedded.tomcat.TomcatWebServer  : Tomcat initialized with port(s): 8001 (http)
2018-11-03 10:43:26.712  INFO 5872 --- [restartedMain] o.apache.catalina.core.StandardService   : Starting service [Tomcat]
2018-11-03 10:43:26.712  INFO 5872 --- [restartedMain] org.apache.catalina.core.StandardEngine  : Starting Servlet Engine: Apache Tomcat/8.5.34
2018-11-03 10:43:26.718  INFO 5872 --- [localhost-startStop-1] o.a.catalina.core.AprLifecycleListener   : The APR based Apache Tomcat Native library which allows optimal performance in production environments was not found on the java.library.path: [C:\Program Files\Java\jre1.8.0_191\bin;C:\WINDOWS\Sun\Java\bin;C:\WINDOWS\system32;C:\WINDOWS;C:/Program Files/Java/jre1.8.0_191/bin/server;C:/Program Files/Java/jre1.8.0_191/bin;C:/Program Files/Java/jre1.8.0_191/lib/amd64;C:\Program Files (x86)\Common Files\Oracle\Java\javapath;C:\WINDOWS\system32;C:\WINDOWS;C:\WINDOWS\System32\Wbem;C:\WINDOWS\System32\WindowsPowerShell\v1.0\;C:\Program Files\Java\jdk1.8.0_191\bin;C:\Users\TapojitBhattacharya\Softwares\apache-maven-3.5.2-bin\apache-maven-3.5.2\bin;C:\Program Files\IBM\Bluemix\bin;C:\WINDOWS\System32\OpenSSH\;C:\Program Files\Git\cmd;C:\Users\TapojitBhattacharya\AppData\Local\Microsoft\WindowsApps;C:\Program Files (x86)\CVSNT\;%USERPROFILE%\AppData\Local\Microsoft\WindowsApps;;C:\Users\TapojitBhattacharya\Documents\Personal\Softwares\sts-bundle\sts-3.9.6.RELEASE;;.]
2018-11-03 10:43:27.067  INFO 5872 --- [localhost-startStop-1] o.a.c.c.C.[Tomcat].[localhost].[/]       : Initializing Spring embedded WebApplicationContext
2018-11-03 10:43:27.069  INFO 5872 --- [localhost-startStop-1] o.s.web.context.ContextLoader            : Root WebApplicationContext: initialization completed in 2433 ms
2018-11-03 10:43:27.810  INFO 5872 --- [localhost-startStop-1] o.s.b.w.servlet.FilterRegistrationBean   : Mapping filter: 'characterEncodingFilter' to: [/*]
2018-11-03 10:43:27.811  INFO 5872 --- [localhost-startStop-1] o.s.b.w.servlet.FilterRegistrationBean   : Mapping filter: 'webMvcMetricsFilter' to: [/*]
2018-11-03 10:43:27.811  INFO 5872 --- [localhost-startStop-1] o.s.b.w.servlet.FilterRegistrationBean   : Mapping filter: 'hiddenHttpMethodFilter' to: [/*]
2018-11-03 10:43:27.813  INFO 5872 --- [localhost-startStop-1] o.s.b.w.servlet.FilterRegistrationBean   : Mapping filter: 'httpPutFormContentFilter' to: [/*]
2018-11-03 10:43:27.813  INFO 5872 --- [localhost-startStop-1] o.s.b.w.servlet.FilterRegistrationBean   : Mapping filter: 'requestContextFilter' to: [/*]
2018-11-03 10:43:27.813  INFO 5872 --- [localhost-startStop-1] o.s.b.w.servlet.FilterRegistrationBean   : Mapping filter: 'httpTraceFilter' to: [/*]
2018-11-03 10:43:27.813  INFO 5872 --- [localhost-startStop-1] o.s.b.w.servlet.ServletRegistrationBean  : Servlet dispatcherServlet mapped to [/]
2018-11-03 10:43:27.960  INFO 5872 --- [restartedMain] o.s.w.s.handler.SimpleUrlHandlerMapping  : Mapped URL path [/**/favicon.ico] onto handler of type [class org.springframework.web.servlet.resource.ResourceHttpRequestHandler]
2018-11-03 10:43:28.206  INFO 5872 --- [restartedMain] s.w.s.m.m.a.RequestMappingHandlerAdapter : Looking for @ControllerAdvice: org.springframework.boot.web.servlet.context.AnnotationConfigServletWebServerApplicationContext@156641d5: startup date [Sat Nov 03 10:43:24 IST 2018]; root of context hierarchy
2018-11-03 10:43:28.294  INFO 5872 --- [restartedMain] s.w.s.m.m.a.RequestMappingHandlerMapping : Mapped "{[/area/shapeType/{shapeType}],methods=[GET]}" onto public com.evergreenprogrammer.microservices.areaservice.bo.Area com.evergreenprogrammer.microservices.areaservice.controller.AreaServiceController.getArea(java.lang.String)
2018-11-03 10:43:28.300  INFO 5872 --- [restartedMain] s.w.s.m.m.a.RequestMappingHandlerMapping : Mapped "{[/error]}" onto public org.springframework.http.ResponseEntity<java.util.Map<java.lang.String, java.lang.Object>> org.springframework.boot.autoconfigure.web.servlet.error.BasicErrorController.error(javax.servlet.http.HttpServletRequest)
2018-11-03 10:43:28.301  INFO 5872 --- [restartedMain] s.w.s.m.m.a.RequestMappingHandlerMapping : Mapped "{[/error],produces=[text/html]}" onto public org.springframework.web.servlet.ModelAndView org.springframework.boot.autoconfigure.web.servlet.error.BasicErrorController.errorHtml(javax.servlet.http.HttpServletRequest,javax.servlet.http.HttpServletResponse)
2018-11-03 10:43:28.344  INFO 5872 --- [restartedMain] o.s.w.s.handler.SimpleUrlHandlerMapping  : Mapped URL path [/webjars/**] onto handler of type [class org.springframework.web.servlet.resource.ResourceHttpRequestHandler]
2018-11-03 10:43:28.344  INFO 5872 --- [restartedMain] o.s.w.s.handler.SimpleUrlHandlerMapping  : Mapped URL path [/**] onto handler of type [class org.springframework.web.servlet.resource.ResourceHttpRequestHandler]
2018-11-03 10:43:28.750  WARN 5872 --- [restartedMain] o.s.b.d.a.OptionalLiveReloadServer       : Unable to start LiveReload server
2018-11-03 10:43:28.771  INFO 5872 --- [restartedMain] o.s.b.a.e.web.EndpointLinksResolver      : Exposing 2 endpoint(s) beneath base path '/actuator'
2018-11-03 10:43:28.783  INFO 5872 --- [restartedMain] s.b.a.e.w.s.WebMvcEndpointHandlerMapping : Mapped "{[/actuator/health],methods=[GET],produces=[application/vnd.spring-boot.actuator.v2+json || application/json]}" onto public java.lang.Object org.springframework.boot.actuate.endpoint.web.servlet.AbstractWebMvcEndpointHandlerMapping$OperationHandler.handle(javax.servlet.http.HttpServletRequest,java.util.Map<java.lang.String, java.lang.String>)
2018-11-03 10:43:28.785  INFO 5872 --- [restartedMain] s.b.a.e.w.s.WebMvcEndpointHandlerMapping : Mapped "{[/actuator/info],methods=[GET],produces=[application/vnd.spring-boot.actuator.v2+json || application/json]}" onto public java.lang.Object org.springframework.boot.actuate.endpoint.web.servlet.AbstractWebMvcEndpointHandlerMapping$OperationHandler.handle(javax.servlet.http.HttpServletRequest,java.util.Map<java.lang.String, java.lang.String>)
2018-11-03 10:43:28.786  INFO 5872 --- [restartedMain] s.b.a.e.w.s.WebMvcEndpointHandlerMapping : Mapped "{[/actuator],methods=[GET],produces=[application/vnd.spring-boot.actuator.v2+json || application/json]}" onto protected java.util.Map<java.lang.String, java.util.Map<java.lang.String, org.springframework.boot.actuate.endpoint.web.Link>> org.springframework.boot.actuate.endpoint.web.servlet.WebMvcEndpointHandlerMapping.links(javax.servlet.http.HttpServletRequest,javax.servlet.http.HttpServletResponse)
2018-11-03 10:43:28.840  INFO 5872 --- [restartedMain] o.s.j.e.a.AnnotationMBeanExporter        : Registering beans for JMX exposure on startup
2018-11-03 10:43:29.110  INFO 5872 --- [restartedMain] o.s.b.w.embedded.tomcat.TomcatWebServer  : Tomcat started on port(s): 8001 (http) with context path ''
2018-11-03 10:43:29.120  INFO 5872 --- [restartedMain] c.e.m.a.AreaServiceApplication           : Started AreaServiceApplication in 5.039 seconds (JVM running for 6.239)
2018-11-03 10:45:25.606  INFO 1380 --- [http-nio-8000-exec-9] c.e.m.a.c.AreaServiceController          : AreaServiceController.getArea.area---> {}50.26548245743669
2018-11-03 10:45:29.088  INFO 5872 --- [http-nio-8001-exec-1] o.a.c.c.C.[Tomcat].[localhost].[/]       : Initializing Spring FrameworkServlet 'dispatcherServlet'
2018-11-03 10:45:29.090  INFO 5872 --- [http-nio-8001-exec-1] o.s.web.servlet.DispatcherServlet        : FrameworkServlet 'dispatcherServlet': initialization started
2018-11-03 10:45:29.122  INFO 5872 --- [http-nio-8001-exec-1] o.s.web.servlet.DispatcherServlet        : FrameworkServlet 'dispatcherServlet': initialization completed in 32 ms
2018-11-03 10:45:29.204  INFO 5872 --- [http-nio-8001-exec-1] c.e.m.a.c.AreaServiceController          : AreaServiceController.getArea.area---> {}50.26548245743669
2018-11-03 10:45:36.004  INFO 1380 --- [http-nio-8000-exec-10] c.e.m.a.c.AreaServiceController          : AreaServiceController.getArea.area---> {}50.26548245743669
2018-11-03 10:45:38.667  INFO 5872 --- [http-nio-8001-exec-2] c.e.m.a.c.AreaServiceController          : AreaServiceController.getArea.area---> {}50.26548245743669
2018-11-03 10:45:39.608  INFO 1380 --- [http-nio-8000-exec-1] c.e.m.a.c.AreaServiceController          : AreaServiceController.getArea.area---> {}50.26548245743669
2018-11-03 10:45:40.376  INFO 5872 --- [http-nio-8001-exec-3] c.e.m.a.c.AreaServiceController          : AreaServiceController.getArea.area---> {}50.26548245743669
2018-11-03 10:45:41.228  INFO 1380 --- [http-nio-8000-exec-2] c.e.m.a.c.AreaServiceController          : AreaServiceController.getArea.area---> {}50.26548245743669
2018-11-03 10:46:23.826  INFO 5872 --- [http-nio-8001-exec-4] c.e.m.a.c.AreaServiceController          : AreaServiceController.getArea.area---> {}50.26548245743669
2018-11-03 11:07:58.900  INFO 1380 --- [RMI TCP Connection(45)-127.0.0.1] inMXBeanRegistrar$SpringApplicationAdmin : Application shutdown requested.
2018-11-03 11:07:58.902  INFO 1380 --- [RMI TCP Connection(45)-127.0.0.1] ConfigServletWebServerApplicationContext : Closing org.springframework.boot.web.servlet.context.AnnotationConfigServletWebServerApplicationContext@26132789: startup date [Sat Nov 03 10:34:43 IST 2018]; root of context hierarchy
2018-11-03 11:07:58.915  INFO 1380 --- [RMI TCP Connection(45)-127.0.0.1] o.s.j.e.a.AnnotationMBeanExporter        : Unregistering JMX-exposed beans on shutdown
2018-11-03 11:08:01.823  INFO 5872 --- [RMI TCP Connection(29)-127.0.0.1] inMXBeanRegistrar$SpringApplicationAdmin : Application shutdown requested.
2018-11-03 11:08:01.823  INFO 5872 --- [RMI TCP Connection(29)-127.0.0.1] ConfigServletWebServerApplicationContext : Closing org.springframework.boot.web.servlet.context.AnnotationConfigServletWebServerApplicationContext@156641d5: startup date [Sat Nov 03 10:43:24 IST 2018]; root of context hierarchy
2018-11-03 11:08:01.830  INFO 5872 --- [RMI TCP Connection(29)-127.0.0.1] o.s.j.e.a.AnnotationMBeanExporter        : Unregistering JMX-exposed beans on shutdown
2018-11-03 11:08:35.429  INFO 17376 --- [restartedMain] c.e.m.a.AreaServiceApplication           : Starting AreaServiceApplication on DESKTOP-T5HSAB1 with PID 17376 (C:\Users\TapojitBhattacharya\sts-workspace\microservices\BlogApplicationInstallments\BlogPost6Application\area-service\target\classes started by TapojitBhattacharya in C:\Users\TapojitBhattacharya\sts-workspace\microservices\BlogApplicationInstallments\BlogPost6Application\area-service)
2018-11-03 11:08:35.431  INFO 17376 --- [restartedMain] c.e.m.a.AreaServiceApplication           : No active profile set, falling back to default profiles: default
2018-11-03 11:08:35.486  INFO 17376 --- [restartedMain] ConfigServletWebServerApplicationContext : Refreshing org.springframework.boot.web.servlet.context.AnnotationConfigServletWebServerApplicationContext@765541ef: startup date [Sat Nov 03 11:08:35 IST 2018]; root of context hierarchy
2018-11-03 11:08:37.717  INFO 17376 --- [restartedMain] o.s.b.w.embedded.tomcat.TomcatWebServer  : Tomcat initialized with port(s): 8000 (http)
2018-11-03 11:08:37.748  INFO 17376 --- [restartedMain] o.apache.catalina.core.StandardService   : Starting service [Tomcat]
2018-11-03 11:08:37.748  INFO 17376 --- [restartedMain] org.apache.catalina.core.StandardEngine  : Starting Servlet Engine: Apache Tomcat/8.5.34
2018-11-03 11:08:37.754  INFO 17376 --- [localhost-startStop-1] o.a.catalina.core.AprLifecycleListener   : The APR based Apache Tomcat Native library which allows optimal performance in production environments was not found on the java.library.path: [C:\Program Files\Java\jre1.8.0_191\bin;C:\WINDOWS\Sun\Java\bin;C:\WINDOWS\system32;C:\WINDOWS;C:/Program Files/Java/jre1.8.0_191/bin/server;C:/Program Files/Java/jre1.8.0_191/bin;C:/Program Files/Java/jre1.8.0_191/lib/amd64;C:\Program Files (x86)\Common Files\Oracle\Java\javapath;C:\WINDOWS\system32;C:\WINDOWS;C:\WINDOWS\System32\Wbem;C:\WINDOWS\System32\WindowsPowerShell\v1.0\;C:\Program Files\Java\jdk1.8.0_191\bin;C:\Users\TapojitBhattacharya\Softwares\apache-maven-3.5.2-bin\apache-maven-3.5.2\bin;C:\Program Files\IBM\Bluemix\bin;C:\WINDOWS\System32\OpenSSH\;C:\Program Files\Git\cmd;C:\Users\TapojitBhattacharya\AppData\Local\Microsoft\WindowsApps;C:\Program Files (x86)\CVSNT\;%USERPROFILE%\AppData\Local\Microsoft\WindowsApps;;C:\Users\TapojitBhattacharya\Documents\Personal\Softwares\sts-bundle\sts-3.9.6.RELEASE;;.]
2018-11-03 11:08:38.218  INFO 17376 --- [localhost-startStop-1] o.a.c.c.C.[Tomcat].[localhost].[/]       : Initializing Spring embedded WebApplicationContext
2018-11-03 11:08:38.220  INFO 17376 --- [localhost-startStop-1] o.s.web.context.ContextLoader            : Root WebApplicationContext: initialization completed in 2734 ms
2018-11-03 11:08:38.998  INFO 17376 --- [localhost-startStop-1] o.s.b.w.servlet.FilterRegistrationBean   : Mapping filter: 'characterEncodingFilter' to: [/*]
2018-11-03 11:08:38.999  INFO 17376 --- [localhost-startStop-1] o.s.b.w.servlet.FilterRegistrationBean   : Mapping filter: 'webMvcMetricsFilter' to: [/*]
2018-11-03 11:08:38.999  INFO 17376 --- [localhost-startStop-1] o.s.b.w.servlet.FilterRegistrationBean   : Mapping filter: 'hiddenHttpMethodFilter' to: [/*]
2018-11-03 11:08:39.001  INFO 17376 --- [localhost-startStop-1] o.s.b.w.servlet.FilterRegistrationBean   : Mapping filter: 'httpPutFormContentFilter' to: [/*]
2018-11-03 11:08:39.001  INFO 17376 --- [localhost-startStop-1] o.s.b.w.servlet.FilterRegistrationBean   : Mapping filter: 'requestContextFilter' to: [/*]
2018-11-03 11:08:39.002  INFO 17376 --- [localhost-startStop-1] o.s.b.w.servlet.FilterRegistrationBean   : Mapping filter: 'httpTraceFilter' to: [/*]
2018-11-03 11:08:39.002  INFO 17376 --- [localhost-startStop-1] o.s.b.w.servlet.ServletRegistrationBean  : Servlet dispatcherServlet mapped to [/]
2018-11-03 11:08:39.149  INFO 17376 --- [restartedMain] o.s.w.s.handler.SimpleUrlHandlerMapping  : Mapped URL path [/**/favicon.ico] onto handler of type [class org.springframework.web.servlet.resource.ResourceHttpRequestHandler]
2018-11-03 11:08:39.406  INFO 17376 --- [restartedMain] s.w.s.m.m.a.RequestMappingHandlerAdapter : Looking for @ControllerAdvice: org.springframework.boot.web.servlet.context.AnnotationConfigServletWebServerApplicationContext@765541ef: startup date [Sat Nov 03 11:08:35 IST 2018]; root of context hierarchy
2018-11-03 11:08:39.545  INFO 17376 --- [restartedMain] s.w.s.m.m.a.RequestMappingHandlerMapping : Mapped "{[/area/shapeType/{shapeType}],methods=[GET]}" onto public com.evergreenprogrammer.microservices.areaservice.bo.Area com.evergreenprogrammer.microservices.areaservice.controller.AreaServiceController.getArea(java.lang.String)
2018-11-03 11:08:39.552  INFO 17376 --- [restartedMain] s.w.s.m.m.a.RequestMappingHandlerMapping : Mapped "{[/error]}" onto public org.springframework.http.ResponseEntity<java.util.Map<java.lang.String, java.lang.Object>> org.springframework.boot.autoconfigure.web.servlet.error.BasicErrorController.error(javax.servlet.http.HttpServletRequest)
2018-11-03 11:08:39.553  INFO 17376 --- [restartedMain] s.w.s.m.m.a.RequestMappingHandlerMapping : Mapped "{[/error],produces=[text/html]}" onto public org.springframework.web.servlet.ModelAndView org.springframework.boot.autoconfigure.web.servlet.error.BasicErrorController.errorHtml(javax.servlet.http.HttpServletRequest,javax.servlet.http.HttpServletResponse)
2018-11-03 11:08:39.601  INFO 17376 --- [restartedMain] o.s.w.s.handler.SimpleUrlHandlerMapping  : Mapped URL path [/webjars/**] onto handler of type [class org.springframework.web.servlet.resource.ResourceHttpRequestHandler]
2018-11-03 11:08:39.602  INFO 17376 --- [restartedMain] o.s.w.s.handler.SimpleUrlHandlerMapping  : Mapped URL path [/**] onto handler of type [class org.springframework.web.servlet.resource.ResourceHttpRequestHandler]
2018-11-03 11:08:40.083  WARN 17376 --- [restartedMain] o.s.b.d.a.OptionalLiveReloadServer       : Unable to start LiveReload server
2018-11-03 11:08:40.100  INFO 17376 --- [restartedMain] o.s.b.a.e.web.EndpointLinksResolver      : Exposing 2 endpoint(s) beneath base path '/actuator'
2018-11-03 11:08:40.112  INFO 17376 --- [restartedMain] s.b.a.e.w.s.WebMvcEndpointHandlerMapping : Mapped "{[/actuator/health],methods=[GET],produces=[application/vnd.spring-boot.actuator.v2+json || application/json]}" onto public java.lang.Object org.springframework.boot.actuate.endpoint.web.servlet.AbstractWebMvcEndpointHandlerMapping$OperationHandler.handle(javax.servlet.http.HttpServletRequest,java.util.Map<java.lang.String, java.lang.String>)
2018-11-03 11:08:40.114  INFO 17376 --- [restartedMain] s.b.a.e.w.s.WebMvcEndpointHandlerMapping : Mapped "{[/actuator/info],methods=[GET],produces=[application/vnd.spring-boot.actuator.v2+json || application/json]}" onto public java.lang.Object org.springframework.boot.actuate.endpoint.web.servlet.AbstractWebMvcEndpointHandlerMapping$OperationHandler.handle(javax.servlet.http.HttpServletRequest,java.util.Map<java.lang.String, java.lang.String>)
2018-11-03 11:08:40.115  INFO 17376 --- [restartedMain] s.b.a.e.w.s.WebMvcEndpointHandlerMapping : Mapped "{[/actuator],methods=[GET],produces=[application/vnd.spring-boot.actuator.v2+json || application/json]}" onto protected java.util.Map<java.lang.String, java.util.Map<java.lang.String, org.springframework.boot.actuate.endpoint.web.Link>> org.springframework.boot.actuate.endpoint.web.servlet.WebMvcEndpointHandlerMapping.links(javax.servlet.http.HttpServletRequest,javax.servlet.http.HttpServletResponse)
2018-11-03 11:08:40.169  INFO 17376 --- [restartedMain] o.s.j.e.a.AnnotationMBeanExporter        : Registering beans for JMX exposure on startup
2018-11-03 11:08:40.434  INFO 17376 --- [restartedMain] o.s.b.w.embedded.tomcat.TomcatWebServer  : Tomcat started on port(s): 8000 (http) with context path ''
2018-11-03 11:08:40.441  INFO 17376 --- [restartedMain] c.e.m.a.AreaServiceApplication           : Started AreaServiceApplication in 5.484 seconds (JVM running for 8.165)
2018-11-03 11:08:46.286  INFO 3264 --- [restartedMain] c.e.m.a.AreaServiceApplication           : Starting AreaServiceApplication on DESKTOP-T5HSAB1 with PID 3264 (C:\Users\TapojitBhattacharya\sts-workspace\microservices\BlogApplicationInstallments\BlogPost6Application\area-service\target\classes started by TapojitBhattacharya in C:\Users\TapojitBhattacharya\sts-workspace\microservices\BlogApplicationInstallments\BlogPost6Application\area-service)
2018-11-03 11:08:46.289  INFO 3264 --- [restartedMain] c.e.m.a.AreaServiceApplication           : No active profile set, falling back to default profiles: default
2018-11-03 11:08:46.337  INFO 3264 --- [restartedMain] ConfigServletWebServerApplicationContext : Refreshing org.springframework.boot.web.servlet.context.AnnotationConfigServletWebServerApplicationContext@7af712e7: startup date [Sat Nov 03 11:08:46 IST 2018]; root of context hierarchy
2018-11-03 11:08:48.352  INFO 3264 --- [restartedMain] o.s.b.w.embedded.tomcat.TomcatWebServer  : Tomcat initialized with port(s): 8001 (http)
2018-11-03 11:08:48.378  INFO 3264 --- [restartedMain] o.apache.catalina.core.StandardService   : Starting service [Tomcat]
2018-11-03 11:08:48.378  INFO 3264 --- [restartedMain] org.apache.catalina.core.StandardEngine  : Starting Servlet Engine: Apache Tomcat/8.5.34
2018-11-03 11:08:48.383  INFO 3264 --- [localhost-startStop-1] o.a.catalina.core.AprLifecycleListener   : The APR based Apache Tomcat Native library which allows optimal performance in production environments was not found on the java.library.path: [C:\Program Files\Java\jre1.8.0_191\bin;C:\WINDOWS\Sun\Java\bin;C:\WINDOWS\system32;C:\WINDOWS;C:/Program Files/Java/jre1.8.0_191/bin/server;C:/Program Files/Java/jre1.8.0_191/bin;C:/Program Files/Java/jre1.8.0_191/lib/amd64;C:\Program Files (x86)\Common Files\Oracle\Java\javapath;C:\WINDOWS\system32;C:\WINDOWS;C:\WINDOWS\System32\Wbem;C:\WINDOWS\System32\WindowsPowerShell\v1.0\;C:\Program Files\Java\jdk1.8.0_191\bin;C:\Users\TapojitBhattacharya\Softwares\apache-maven-3.5.2-bin\apache-maven-3.5.2\bin;C:\Program Files\IBM\Bluemix\bin;C:\WINDOWS\System32\OpenSSH\;C:\Program Files\Git\cmd;C:\Users\TapojitBhattacharya\AppData\Local\Microsoft\WindowsApps;C:\Program Files (x86)\CVSNT\;%USERPROFILE%\AppData\Local\Microsoft\WindowsApps;;C:\Users\TapojitBhattacharya\Documents\Personal\Softwares\sts-bundle\sts-3.9.6.RELEASE;;.]
2018-11-03 11:08:48.496  INFO 3264 --- [localhost-startStop-1] o.a.c.c.C.[Tomcat].[localhost].[/]       : Initializing Spring embedded WebApplicationContext
2018-11-03 11:08:48.498  INFO 3264 --- [localhost-startStop-1] o.s.web.context.ContextLoader            : Root WebApplicationContext: initialization completed in 2161 ms
2018-11-03 11:08:49.327  INFO 3264 --- [localhost-startStop-1] o.s.b.w.servlet.FilterRegistrationBean   : Mapping filter: 'characterEncodingFilter' to: [/*]
2018-11-03 11:08:49.329  INFO 3264 --- [localhost-startStop-1] o.s.b.w.servlet.FilterRegistrationBean   : Mapping filter: 'webMvcMetricsFilter' to: [/*]
2018-11-03 11:08:49.331  INFO 3264 --- [localhost-startStop-1] o.s.b.w.servlet.FilterRegistrationBean   : Mapping filter: 'hiddenHttpMethodFilter' to: [/*]
2018-11-03 11:08:49.332  INFO 3264 --- [localhost-startStop-1] o.s.b.w.servlet.FilterRegistrationBean   : Mapping filter: 'httpPutFormContentFilter' to: [/*]
2018-11-03 11:08:49.333  INFO 3264 --- [localhost-startStop-1] o.s.b.w.servlet.FilterRegistrationBean   : Mapping filter: 'requestContextFilter' to: [/*]
2018-11-03 11:08:49.333  INFO 3264 --- [localhost-startStop-1] o.s.b.w.servlet.FilterRegistrationBean   : Mapping filter: 'httpTraceFilter' to: [/*]
2018-11-03 11:08:49.333  INFO 3264 --- [localhost-startStop-1] o.s.b.w.servlet.ServletRegistrationBean  : Servlet dispatcherServlet mapped to [/]
2018-11-03 11:08:49.487  INFO 3264 --- [restartedMain] o.s.w.s.handler.SimpleUrlHandlerMapping  : Mapped URL path [/**/favicon.ico] onto handler of type [class org.springframework.web.servlet.resource.ResourceHttpRequestHandler]
2018-11-03 11:08:49.737  INFO 3264 --- [restartedMain] s.w.s.m.m.a.RequestMappingHandlerAdapter : Looking for @ControllerAdvice: org.springframework.boot.web.servlet.context.AnnotationConfigServletWebServerApplicationContext@7af712e7: startup date [Sat Nov 03 11:08:46 IST 2018]; root of context hierarchy
2018-11-03 11:08:49.826  INFO 3264 --- [restartedMain] s.w.s.m.m.a.RequestMappingHandlerMapping : Mapped "{[/area/shapeType/{shapeType}],methods=[GET]}" onto public com.evergreenprogrammer.microservices.areaservice.bo.Area com.evergreenprogrammer.microservices.areaservice.controller.AreaServiceController.getArea(java.lang.String)
2018-11-03 11:08:49.831  INFO 3264 --- [restartedMain] s.w.s.m.m.a.RequestMappingHandlerMapping : Mapped "{[/error]}" onto public org.springframework.http.ResponseEntity<java.util.Map<java.lang.String, java.lang.Object>> org.springframework.boot.autoconfigure.web.servlet.error.BasicErrorController.error(javax.servlet.http.HttpServletRequest)
2018-11-03 11:08:49.833  INFO 3264 --- [restartedMain] s.w.s.m.m.a.RequestMappingHandlerMapping : Mapped "{[/error],produces=[text/html]}" onto public org.springframework.web.servlet.ModelAndView org.springframework.boot.autoconfigure.web.servlet.error.BasicErrorController.errorHtml(javax.servlet.http.HttpServletRequest,javax.servlet.http.HttpServletResponse)
2018-11-03 11:08:49.867  INFO 3264 --- [restartedMain] o.s.w.s.handler.SimpleUrlHandlerMapping  : Mapped URL path [/webjars/**] onto handler of type [class org.springframework.web.servlet.resource.ResourceHttpRequestHandler]
2018-11-03 11:08:49.867  INFO 3264 --- [restartedMain] o.s.w.s.handler.SimpleUrlHandlerMapping  : Mapped URL path [/**] onto handler of type [class org.springframework.web.servlet.resource.ResourceHttpRequestHandler]
2018-11-03 11:08:50.282  WARN 3264 --- [restartedMain] o.s.b.d.a.OptionalLiveReloadServer       : Unable to start LiveReload server
2018-11-03 11:08:50.301  INFO 3264 --- [restartedMain] o.s.b.a.e.web.EndpointLinksResolver      : Exposing 2 endpoint(s) beneath base path '/actuator'
2018-11-03 11:08:50.314  INFO 3264 --- [restartedMain] s.b.a.e.w.s.WebMvcEndpointHandlerMapping : Mapped "{[/actuator/health],methods=[GET],produces=[application/vnd.spring-boot.actuator.v2+json || application/json]}" onto public java.lang.Object org.springframework.boot.actuate.endpoint.web.servlet.AbstractWebMvcEndpointHandlerMapping$OperationHandler.handle(javax.servlet.http.HttpServletRequest,java.util.Map<java.lang.String, java.lang.String>)
2018-11-03 11:08:50.315  INFO 3264 --- [restartedMain] s.b.a.e.w.s.WebMvcEndpointHandlerMapping : Mapped "{[/actuator/info],methods=[GET],produces=[application/vnd.spring-boot.actuator.v2+json || application/json]}" onto public java.lang.Object org.springframework.boot.actuate.endpoint.web.servlet.AbstractWebMvcEndpointHandlerMapping$OperationHandler.handle(javax.servlet.http.HttpServletRequest,java.util.Map<java.lang.String, java.lang.String>)
2018-11-03 11:08:50.317  INFO 3264 --- [restartedMain] s.b.a.e.w.s.WebMvcEndpointHandlerMapping : Mapped "{[/actuator],methods=[GET],produces=[application/vnd.spring-boot.actuator.v2+json || application/json]}" onto protected java.util.Map<java.lang.String, java.util.Map<java.lang.String, org.springframework.boot.actuate.endpoint.web.Link>> org.springframework.boot.actuate.endpoint.web.servlet.WebMvcEndpointHandlerMapping.links(javax.servlet.http.HttpServletRequest,javax.servlet.http.HttpServletResponse)
2018-11-03 11:08:50.396  INFO 3264 --- [restartedMain] o.s.j.e.a.AnnotationMBeanExporter        : Registering beans for JMX exposure on startup
2018-11-03 11:08:50.662  INFO 3264 --- [restartedMain] o.s.b.w.embedded.tomcat.TomcatWebServer  : Tomcat started on port(s): 8001 (http) with context path ''
2018-11-03 11:08:50.688  INFO 3264 --- [restartedMain] c.e.m.a.AreaServiceApplication           : Started AreaServiceApplication in 4.839 seconds (JVM running for 6.023)
2018-11-03 11:09:22.960  INFO 17376 --- [http-nio-8000-exec-1] o.a.c.c.C.[Tomcat].[localhost].[/]       : Initializing Spring FrameworkServlet 'dispatcherServlet'
2018-11-03 11:09:22.962  INFO 17376 --- [http-nio-8000-exec-1] o.s.web.servlet.DispatcherServlet        : FrameworkServlet 'dispatcherServlet': initialization started
2018-11-03 11:09:22.997  INFO 17376 --- [http-nio-8000-exec-1] o.s.web.servlet.DispatcherServlet        : FrameworkServlet 'dispatcherServlet': initialization completed in 34 ms
2018-11-03 11:09:23.080  INFO 17376 --- [http-nio-8000-exec-1] c.e.m.a.c.AreaServiceController          : AreaServiceController.getArea.area---> {}50.26548245743669
2018-11-03 11:11:05.530  INFO 3264 --- [http-nio-8001-exec-1] o.a.c.c.C.[Tomcat].[localhost].[/]       : Initializing Spring FrameworkServlet 'dispatcherServlet'
2018-11-03 11:11:05.532  INFO 3264 --- [http-nio-8001-exec-1] o.s.web.servlet.DispatcherServlet        : FrameworkServlet 'dispatcherServlet': initialization started
2018-11-03 11:11:05.561  INFO 3264 --- [http-nio-8001-exec-1] o.s.web.servlet.DispatcherServlet        : FrameworkServlet 'dispatcherServlet': initialization completed in 29 ms
2018-11-03 11:11:05.626  INFO 3264 --- [http-nio-8001-exec-1] c.e.m.a.c.AreaServiceController          : AreaServiceController.getArea.area---> {}50.26548245743669
2018-11-03 18:44:02.625  INFO 17376 --- [http-nio-8000-exec-2] c.e.m.a.c.AreaServiceController          : AreaServiceController.getArea.area---> {}50.26548245743669
2018-11-03 18:46:13.098  INFO 3264 --- [http-nio-8001-exec-3] c.e.m.a.c.AreaServiceController          : AreaServiceController.getArea.area---> {}50.26548245743669
2018-11-03 18:46:17.443  INFO 17376 --- [http-nio-8000-exec-4] c.e.m.a.c.AreaServiceController          : AreaServiceController.getArea.area---> {}50.26548245743669
2018-11-03 18:47:42.512  INFO 3264 --- [http-nio-8001-exec-2] c.e.m.a.c.AreaServiceController          : AreaServiceController.getArea.area---> {}50.26548245743669
2018-11-03 18:56:55.665  INFO 17376 --- [RMI TCP Connection(479)-127.0.0.1] inMXBeanRegistrar$SpringApplicationAdmin : Application shutdown requested.
2018-11-03 18:56:55.729  INFO 17376 --- [RMI TCP Connection(479)-127.0.0.1] ConfigServletWebServerApplicationContext : Closing org.springframework.boot.web.servlet.context.AnnotationConfigServletWebServerApplicationContext@765541ef: startup date [Sat Nov 03 11:08:35 IST 2018]; root of context hierarchy
2018-11-03 18:56:55.898  INFO 17376 --- [RMI TCP Connection(479)-127.0.0.1] o.s.j.e.a.AnnotationMBeanExporter        : Unregistering JMX-exposed beans on shutdown
