2018-11-03 10:36:05.232  INFO 13804 --- [restartedMain] c.e.m.p.PerimeterServiceApplication      : Starting PerimeterServiceApplication on DESKTOP-T5HSAB1 with PID 13804 (C:\Users\TapojitBhattacharya\sts-workspace\microservices\BlogApplicationInstallments\BlogPost6Application\perimeter-service\target\classes started by TapojitBhattacharya in C:\Users\TapojitBhattacharya\sts-workspace\microservices\BlogApplicationInstallments\BlogPost6Application\perimeter-service)
2018-11-03 10:36:05.238  INFO 13804 --- [restartedMain] c.e.m.p.PerimeterServiceApplication      : No active profile set, falling back to default profiles: default
2018-11-03 10:36:05.293  INFO 13804 --- [restartedMain] ConfigServletWebServerApplicationContext : Refreshing org.springframework.boot.web.servlet.context.AnnotationConfigServletWebServerApplicationContext@1a90061f: startup date [Sat Nov 03 10:36:05 IST 2018]; root of context hierarchy
2018-11-03 10:36:07.337  INFO 13804 --- [restartedMain] o.s.b.w.embedded.tomcat.TomcatWebServer  : Tomcat initialized with port(s): 8100 (http)
2018-11-03 10:36:07.360  INFO 13804 --- [restartedMain] o.apache.catalina.core.StandardService   : Starting service [Tomcat]
2018-11-03 10:36:07.362  INFO 13804 --- [restartedMain] org.apache.catalina.core.StandardEngine  : Starting Servlet Engine: Apache Tomcat/8.5.34
2018-11-03 10:36:07.367  INFO 13804 --- [localhost-startStop-1] o.a.catalina.core.AprLifecycleListener   : The APR based Apache Tomcat Native library which allows optimal performance in production environments was not found on the java.library.path: [C:\Program Files\Java\jre1.8.0_191\bin;C:\WINDOWS\Sun\Java\bin;C:\WINDOWS\system32;C:\WINDOWS;C:/Program Files/Java/jre1.8.0_191/bin/server;C:/Program Files/Java/jre1.8.0_191/bin;C:/Program Files/Java/jre1.8.0_191/lib/amd64;C:\Program Files (x86)\Common Files\Oracle\Java\javapath;C:\WINDOWS\system32;C:\WINDOWS;C:\WINDOWS\System32\Wbem;C:\WINDOWS\System32\WindowsPowerShell\v1.0\;C:\Program Files\Java\jdk1.8.0_191\bin;C:\Users\TapojitBhattacharya\Softwares\apache-maven-3.5.2-bin\apache-maven-3.5.2\bin;C:\Program Files\IBM\Bluemix\bin;C:\WINDOWS\System32\OpenSSH\;C:\Program Files\Git\cmd;C:\Users\TapojitBhattacharya\AppData\Local\Microsoft\WindowsApps;C:\Program Files (x86)\CVSNT\;%USERPROFILE%\AppData\Local\Microsoft\WindowsApps;;C:\Users\TapojitBhattacharya\Documents\Personal\Softwares\sts-bundle\sts-3.9.6.RELEASE;;.]
2018-11-03 10:36:07.470  INFO 13804 --- [localhost-startStop-1] o.a.c.c.C.[Tomcat].[localhost].[/]       : Initializing Spring embedded WebApplicationContext
2018-11-03 10:36:07.470  INFO 13804 --- [localhost-startStop-1] o.s.web.context.ContextLoader            : Root WebApplicationContext: initialization completed in 2177 ms
2018-11-03 10:36:08.198  INFO 13804 --- [localhost-startStop-1] o.s.b.w.servlet.FilterRegistrationBean   : Mapping filter: 'characterEncodingFilter' to: [/*]
2018-11-03 10:36:08.199  INFO 13804 --- [localhost-startStop-1] o.s.b.w.servlet.FilterRegistrationBean   : Mapping filter: 'webMvcMetricsFilter' to: [/*]
2018-11-03 10:36:08.200  INFO 13804 --- [localhost-startStop-1] o.s.b.w.servlet.FilterRegistrationBean   : Mapping filter: 'hiddenHttpMethodFilter' to: [/*]
2018-11-03 10:36:08.200  INFO 13804 --- [localhost-startStop-1] o.s.b.w.servlet.FilterRegistrationBean   : Mapping filter: 'httpPutFormContentFilter' to: [/*]
2018-11-03 10:36:08.200  INFO 13804 --- [localhost-startStop-1] o.s.b.w.servlet.FilterRegistrationBean   : Mapping filter: 'requestContextFilter' to: [/*]
2018-11-03 10:36:08.200  INFO 13804 --- [localhost-startStop-1] o.s.b.w.servlet.FilterRegistrationBean   : Mapping filter: 'httpTraceFilter' to: [/*]
2018-11-03 10:36:08.200  INFO 13804 --- [localhost-startStop-1] o.s.b.w.servlet.ServletRegistrationBean  : Servlet dispatcherServlet mapped to [/]
2018-11-03 10:36:08.347  INFO 13804 --- [restartedMain] o.s.w.s.handler.SimpleUrlHandlerMapping  : Mapped URL path [/**/favicon.ico] onto handler of type [class org.springframework.web.servlet.resource.ResourceHttpRequestHandler]
2018-11-03 10:36:08.697  INFO 13804 --- [restartedMain] s.w.s.m.m.a.RequestMappingHandlerAdapter : Looking for @ControllerAdvice: org.springframework.boot.web.servlet.context.AnnotationConfigServletWebServerApplicationContext@1a90061f: startup date [Sat Nov 03 10:36:05 IST 2018]; root of context hierarchy
2018-11-03 10:36:08.762  INFO 13804 --- [restartedMain] s.w.s.m.m.a.RequestMappingHandlerMapping : Mapped "{[/perimeter/shapeType/{shapeType}],methods=[GET]}" onto public com.evergreenprogrammer.microservices.perimeterservice.bo.Perimeter com.evergreenprogrammer.microservices.perimeterservice.controller.PerimeterServiceController.getPerimeter(java.lang.String)
2018-11-03 10:36:08.766  INFO 13804 --- [restartedMain] s.w.s.m.m.a.RequestMappingHandlerMapping : Mapped "{[/error]}" onto public org.springframework.http.ResponseEntity<java.util.Map<java.lang.String, java.lang.Object>> org.springframework.boot.autoconfigure.web.servlet.error.BasicErrorController.error(javax.servlet.http.HttpServletRequest)
2018-11-03 10:36:08.766  INFO 13804 --- [restartedMain] s.w.s.m.m.a.RequestMappingHandlerMapping : Mapped "{[/error],produces=[text/html]}" onto public org.springframework.web.servlet.ModelAndView org.springframework.boot.autoconfigure.web.servlet.error.BasicErrorController.errorHtml(javax.servlet.http.HttpServletRequest,javax.servlet.http.HttpServletResponse)
2018-11-03 10:36:08.801  INFO 13804 --- [restartedMain] o.s.w.s.handler.SimpleUrlHandlerMapping  : Mapped URL path [/webjars/**] onto handler of type [class org.springframework.web.servlet.resource.ResourceHttpRequestHandler]
2018-11-03 10:36:08.801  INFO 13804 --- [restartedMain] o.s.w.s.handler.SimpleUrlHandlerMapping  : Mapped URL path [/**] onto handler of type [class org.springframework.web.servlet.resource.ResourceHttpRequestHandler]
2018-11-03 10:36:09.238  WARN 13804 --- [restartedMain] o.s.b.d.a.OptionalLiveReloadServer       : Unable to start LiveReload server
2018-11-03 10:36:09.259  INFO 13804 --- [restartedMain] o.s.b.a.e.web.EndpointLinksResolver      : Exposing 2 endpoint(s) beneath base path '/actuator'
2018-11-03 10:36:09.275  INFO 13804 --- [restartedMain] s.b.a.e.w.s.WebMvcEndpointHandlerMapping : Mapped "{[/actuator/health],methods=[GET],produces=[application/vnd.spring-boot.actuator.v2+json || application/json]}" onto public java.lang.Object org.springframework.boot.actuate.endpoint.web.servlet.AbstractWebMvcEndpointHandlerMapping$OperationHandler.handle(javax.servlet.http.HttpServletRequest,java.util.Map<java.lang.String, java.lang.String>)
2018-11-03 10:36:09.276  INFO 13804 --- [restartedMain] s.b.a.e.w.s.WebMvcEndpointHandlerMapping : Mapped "{[/actuator/info],methods=[GET],produces=[application/vnd.spring-boot.actuator.v2+json || application/json]}" onto public java.lang.Object org.springframework.boot.actuate.endpoint.web.servlet.AbstractWebMvcEndpointHandlerMapping$OperationHandler.handle(javax.servlet.http.HttpServletRequest,java.util.Map<java.lang.String, java.lang.String>)
2018-11-03 10:36:09.277  INFO 13804 --- [restartedMain] s.b.a.e.w.s.WebMvcEndpointHandlerMapping : Mapped "{[/actuator],methods=[GET],produces=[application/vnd.spring-boot.actuator.v2+json || application/json]}" onto protected java.util.Map<java.lang.String, java.util.Map<java.lang.String, org.springframework.boot.actuate.endpoint.web.Link>> org.springframework.boot.actuate.endpoint.web.servlet.WebMvcEndpointHandlerMapping.links(javax.servlet.http.HttpServletRequest,javax.servlet.http.HttpServletResponse)
2018-11-03 10:36:09.361  INFO 13804 --- [restartedMain] o.s.j.e.a.AnnotationMBeanExporter        : Registering beans for JMX exposure on startup
2018-11-03 10:36:09.695  INFO 13804 --- [restartedMain] o.s.b.w.embedded.tomcat.TomcatWebServer  : Tomcat started on port(s): 8100 (http) with context path ''
2018-11-03 10:36:09.702  INFO 13804 --- [restartedMain] c.e.m.p.PerimeterServiceApplication      : Started PerimeterServiceApplication in 4.97 seconds (JVM running for 6.157)
2018-11-03 10:38:23.140  INFO 13804 --- [http-nio-8100-exec-1] o.a.c.c.C.[Tomcat].[localhost].[/]       : Initializing Spring FrameworkServlet 'dispatcherServlet'
2018-11-03 10:38:23.142  INFO 13804 --- [http-nio-8100-exec-1] o.s.web.servlet.DispatcherServlet        : FrameworkServlet 'dispatcherServlet': initialization started
2018-11-03 10:38:23.179  INFO 13804 --- [http-nio-8100-exec-1] o.s.web.servlet.DispatcherServlet        : FrameworkServlet 'dispatcherServlet': initialization completed in 35 ms
2018-11-03 10:38:23.256  INFO 13804 --- [http-nio-8100-exec-1] c.e.m.p.c.PerimeterServiceController     : PerimeterServiceController.getPerimeter.perimeter---> {}25.132741228718345
2018-11-03 10:38:24.606  INFO 13804 --- [http-nio-8100-exec-2] c.e.m.p.c.PerimeterServiceController     : PerimeterServiceController.getPerimeter.perimeter---> {}25.132741228718345
2018-11-03 10:38:25.664  INFO 13804 --- [http-nio-8100-exec-3] c.e.m.p.c.PerimeterServiceController     : PerimeterServiceController.getPerimeter.perimeter---> {}25.132741228718345
2018-11-03 10:38:41.467  INFO 13804 --- [http-nio-8100-exec-5] c.e.m.p.c.PerimeterServiceController     : PerimeterServiceController.getPerimeter.perimeter---> {}25.132741228718345
2018-11-03 10:38:53.045  INFO 13804 --- [http-nio-8100-exec-7] c.e.m.p.c.PerimeterServiceController     : PerimeterServiceController.getPerimeter.perimeter---> {}25.132741228718345
2018-11-03 10:38:56.260  INFO 13804 --- [http-nio-8100-exec-8] c.e.m.p.c.PerimeterServiceController     : PerimeterServiceController.getPerimeter.perimeter---> {}25.132741228718345
2018-11-03 10:38:57.512  INFO 13804 --- [http-nio-8100-exec-9] c.e.m.p.c.PerimeterServiceController     : PerimeterServiceController.getPerimeter.perimeter---> {}25.132741228718345
2018-11-03 10:38:58.354  INFO 13804 --- [http-nio-8100-exec-10] c.e.m.p.c.PerimeterServiceController     : PerimeterServiceController.getPerimeter.perimeter---> {}25.132741228718345
2018-11-03 10:38:59.107  INFO 13804 --- [http-nio-8100-exec-1] c.e.m.p.c.PerimeterServiceController     : PerimeterServiceController.getPerimeter.perimeter---> {}25.132741228718345
2018-11-03 10:38:59.936  INFO 13804 --- [http-nio-8100-exec-2] c.e.m.p.c.PerimeterServiceController     : PerimeterServiceController.getPerimeter.perimeter---> {}25.132741228718345
2018-11-03 10:39:00.735  INFO 13804 --- [http-nio-8100-exec-3] c.e.m.p.c.PerimeterServiceController     : PerimeterServiceController.getPerimeter.perimeter---> {}25.132741228718345
2018-11-03 10:39:01.548  INFO 13804 --- [http-nio-8100-exec-4] c.e.m.p.c.PerimeterServiceController     : PerimeterServiceController.getPerimeter.perimeter---> {}25.132741228718345
2018-11-03 10:39:02.266  INFO 13804 --- [http-nio-8100-exec-5] c.e.m.p.c.PerimeterServiceController     : PerimeterServiceController.getPerimeter.perimeter---> {}25.132741228718345
2018-11-03 10:39:02.969  INFO 13804 --- [http-nio-8100-exec-6] c.e.m.p.c.PerimeterServiceController     : PerimeterServiceController.getPerimeter.perimeter---> {}25.132741228718345
2018-11-03 10:39:03.668  INFO 13804 --- [http-nio-8100-exec-7] c.e.m.p.c.PerimeterServiceController     : PerimeterServiceController.getPerimeter.perimeter---> {}25.132741228718345
2018-11-03 10:39:04.116  INFO 13804 --- [http-nio-8100-exec-8] c.e.m.p.c.PerimeterServiceController     : PerimeterServiceController.getPerimeter.perimeter---> {}25.132741228718345
2018-11-03 10:39:04.682  INFO 13804 --- [http-nio-8100-exec-9] c.e.m.p.c.PerimeterServiceController     : PerimeterServiceController.getPerimeter.perimeter---> {}25.132741228718345
2018-11-03 10:39:04.913  INFO 13804 --- [http-nio-8100-exec-10] c.e.m.p.c.PerimeterServiceController     : PerimeterServiceController.getPerimeter.perimeter---> {}25.132741228718345
2018-11-03 10:44:04.497  INFO 15456 --- [restartedMain] c.e.m.p.PerimeterServiceApplication      : Starting PerimeterServiceApplication on DESKTOP-T5HSAB1 with PID 15456 (C:\Users\TapojitBhattacharya\sts-workspace\microservices\BlogApplicationInstallments\BlogPost6Application\perimeter-service\target\classes started by TapojitBhattacharya in C:\Users\TapojitBhattacharya\sts-workspace\microservices\BlogApplicationInstallments\BlogPost6Application\perimeter-service)
2018-11-03 10:44:04.498  INFO 15456 --- [restartedMain] c.e.m.p.PerimeterServiceApplication      : No active profile set, falling back to default profiles: default
2018-11-03 10:44:04.561  INFO 15456 --- [restartedMain] ConfigServletWebServerApplicationContext : Refreshing org.springframework.boot.web.servlet.context.AnnotationConfigServletWebServerApplicationContext@5d16390b: startup date [Sat Nov 03 10:44:04 IST 2018]; root of context hierarchy
2018-11-03 10:44:06.499  INFO 15456 --- [restartedMain] o.s.b.w.embedded.tomcat.TomcatWebServer  : Tomcat initialized with port(s): 8101 (http)
2018-11-03 10:44:06.524  INFO 15456 --- [restartedMain] o.apache.catalina.core.StandardService   : Starting service [Tomcat]
2018-11-03 10:44:06.525  INFO 15456 --- [restartedMain] org.apache.catalina.core.StandardEngine  : Starting Servlet Engine: Apache Tomcat/8.5.34
2018-11-03 10:44:06.530  INFO 15456 --- [localhost-startStop-1] o.a.catalina.core.AprLifecycleListener   : The APR based Apache Tomcat Native library which allows optimal performance in production environments was not found on the java.library.path: [C:\Program Files\Java\jre1.8.0_191\bin;C:\WINDOWS\Sun\Java\bin;C:\WINDOWS\system32;C:\WINDOWS;C:/Program Files/Java/jre1.8.0_191/bin/server;C:/Program Files/Java/jre1.8.0_191/bin;C:/Program Files/Java/jre1.8.0_191/lib/amd64;C:\Program Files (x86)\Common Files\Oracle\Java\javapath;C:\WINDOWS\system32;C:\WINDOWS;C:\WINDOWS\System32\Wbem;C:\WINDOWS\System32\WindowsPowerShell\v1.0\;C:\Program Files\Java\jdk1.8.0_191\bin;C:\Users\TapojitBhattacharya\Softwares\apache-maven-3.5.2-bin\apache-maven-3.5.2\bin;C:\Program Files\IBM\Bluemix\bin;C:\WINDOWS\System32\OpenSSH\;C:\Program Files\Git\cmd;C:\Users\TapojitBhattacharya\AppData\Local\Microsoft\WindowsApps;C:\Program Files (x86)\CVSNT\;%USERPROFILE%\AppData\Local\Microsoft\WindowsApps;;C:\Users\TapojitBhattacharya\Documents\Personal\Softwares\sts-bundle\sts-3.9.6.RELEASE;;.]
2018-11-03 10:44:06.619  INFO 15456 --- [localhost-startStop-1] o.a.c.c.C.[Tomcat].[localhost].[/]       : Initializing Spring embedded WebApplicationContext
2018-11-03 10:44:06.621  INFO 15456 --- [localhost-startStop-1] o.s.web.context.ContextLoader            : Root WebApplicationContext: initialization completed in 2061 ms
2018-11-03 10:44:07.464  INFO 15456 --- [localhost-startStop-1] o.s.b.w.servlet.FilterRegistrationBean   : Mapping filter: 'characterEncodingFilter' to: [/*]
2018-11-03 10:44:07.466  INFO 15456 --- [localhost-startStop-1] o.s.b.w.servlet.FilterRegistrationBean   : Mapping filter: 'webMvcMetricsFilter' to: [/*]
2018-11-03 10:44:07.467  INFO 15456 --- [localhost-startStop-1] o.s.b.w.servlet.FilterRegistrationBean   : Mapping filter: 'hiddenHttpMethodFilter' to: [/*]
2018-11-03 10:44:07.468  INFO 15456 --- [localhost-startStop-1] o.s.b.w.servlet.FilterRegistrationBean   : Mapping filter: 'httpPutFormContentFilter' to: [/*]
2018-11-03 10:44:07.469  INFO 15456 --- [localhost-startStop-1] o.s.b.w.servlet.FilterRegistrationBean   : Mapping filter: 'requestContextFilter' to: [/*]
2018-11-03 10:44:07.469  INFO 15456 --- [localhost-startStop-1] o.s.b.w.servlet.FilterRegistrationBean   : Mapping filter: 'httpTraceFilter' to: [/*]
2018-11-03 10:44:07.469  INFO 15456 --- [localhost-startStop-1] o.s.b.w.servlet.ServletRegistrationBean  : Servlet dispatcherServlet mapped to [/]
2018-11-03 10:44:07.601  INFO 15456 --- [restartedMain] o.s.w.s.handler.SimpleUrlHandlerMapping  : Mapped URL path [/**/favicon.ico] onto handler of type [class org.springframework.web.servlet.resource.ResourceHttpRequestHandler]
2018-11-03 10:44:07.853  INFO 15456 --- [restartedMain] s.w.s.m.m.a.RequestMappingHandlerAdapter : Looking for @ControllerAdvice: org.springframework.boot.web.servlet.context.AnnotationConfigServletWebServerApplicationContext@5d16390b: startup date [Sat Nov 03 10:44:04 IST 2018]; root of context hierarchy
2018-11-03 10:44:07.938  INFO 15456 --- [restartedMain] s.w.s.m.m.a.RequestMappingHandlerMapping : Mapped "{[/perimeter/shapeType/{shapeType}],methods=[GET]}" onto public com.evergreenprogrammer.microservices.perimeterservice.bo.Perimeter com.evergreenprogrammer.microservices.perimeterservice.controller.PerimeterServiceController.getPerimeter(java.lang.String)
2018-11-03 10:44:07.943  INFO 15456 --- [restartedMain] s.w.s.m.m.a.RequestMappingHandlerMapping : Mapped "{[/error]}" onto public org.springframework.http.ResponseEntity<java.util.Map<java.lang.String, java.lang.Object>> org.springframework.boot.autoconfigure.web.servlet.error.BasicErrorController.error(javax.servlet.http.HttpServletRequest)
2018-11-03 10:44:07.944  INFO 15456 --- [restartedMain] s.w.s.m.m.a.RequestMappingHandlerMapping : Mapped "{[/error],produces=[text/html]}" onto public org.springframework.web.servlet.ModelAndView org.springframework.boot.autoconfigure.web.servlet.error.BasicErrorController.errorHtml(javax.servlet.http.HttpServletRequest,javax.servlet.http.HttpServletResponse)
2018-11-03 10:44:07.984  INFO 15456 --- [restartedMain] o.s.w.s.handler.SimpleUrlHandlerMapping  : Mapped URL path [/webjars/**] onto handler of type [class org.springframework.web.servlet.resource.ResourceHttpRequestHandler]
2018-11-03 10:44:07.985  INFO 15456 --- [restartedMain] o.s.w.s.handler.SimpleUrlHandlerMapping  : Mapped URL path [/**] onto handler of type [class org.springframework.web.servlet.resource.ResourceHttpRequestHandler]
2018-11-03 10:44:08.403  WARN 15456 --- [restartedMain] o.s.b.d.a.OptionalLiveReloadServer       : Unable to start LiveReload server
2018-11-03 10:44:08.418  INFO 15456 --- [restartedMain] o.s.b.a.e.web.EndpointLinksResolver      : Exposing 2 endpoint(s) beneath base path '/actuator'
2018-11-03 10:44:08.430  INFO 15456 --- [restartedMain] s.b.a.e.w.s.WebMvcEndpointHandlerMapping : Mapped "{[/actuator/health],methods=[GET],produces=[application/vnd.spring-boot.actuator.v2+json || application/json]}" onto public java.lang.Object org.springframework.boot.actuate.endpoint.web.servlet.AbstractWebMvcEndpointHandlerMapping$OperationHandler.handle(javax.servlet.http.HttpServletRequest,java.util.Map<java.lang.String, java.lang.String>)
2018-11-03 10:44:08.431  INFO 15456 --- [restartedMain] s.b.a.e.w.s.WebMvcEndpointHandlerMapping : Mapped "{[/actuator/info],methods=[GET],produces=[application/vnd.spring-boot.actuator.v2+json || application/json]}" onto public java.lang.Object org.springframework.boot.actuate.endpoint.web.servlet.AbstractWebMvcEndpointHandlerMapping$OperationHandler.handle(javax.servlet.http.HttpServletRequest,java.util.Map<java.lang.String, java.lang.String>)
2018-11-03 10:44:08.433  INFO 15456 --- [restartedMain] s.b.a.e.w.s.WebMvcEndpointHandlerMapping : Mapped "{[/actuator],methods=[GET],produces=[application/vnd.spring-boot.actuator.v2+json || application/json]}" onto protected java.util.Map<java.lang.String, java.util.Map<java.lang.String, org.springframework.boot.actuate.endpoint.web.Link>> org.springframework.boot.actuate.endpoint.web.servlet.WebMvcEndpointHandlerMapping.links(javax.servlet.http.HttpServletRequest,javax.servlet.http.HttpServletResponse)
2018-11-03 10:44:08.495  INFO 15456 --- [restartedMain] o.s.j.e.a.AnnotationMBeanExporter        : Registering beans for JMX exposure on startup
2018-11-03 10:44:08.819  INFO 15456 --- [restartedMain] o.s.b.w.embedded.tomcat.TomcatWebServer  : Tomcat started on port(s): 8101 (http) with context path ''
2018-11-03 10:44:08.827  INFO 15456 --- [restartedMain] c.e.m.p.PerimeterServiceApplication      : Started PerimeterServiceApplication in 4.735 seconds (JVM running for 5.863)
2018-11-03 10:45:25.624  INFO 13804 --- [http-nio-8100-exec-1] c.e.m.p.c.PerimeterServiceController     : PerimeterServiceController.getPerimeter.perimeter---> {}25.132741228718345
2018-11-03 10:45:29.418  INFO 15456 --- [http-nio-8101-exec-2] o.a.c.c.C.[Tomcat].[localhost].[/]       : Initializing Spring FrameworkServlet 'dispatcherServlet'
2018-11-03 10:45:29.420  INFO 15456 --- [http-nio-8101-exec-2] o.s.web.servlet.DispatcherServlet        : FrameworkServlet 'dispatcherServlet': initialization started
2018-11-03 10:45:29.455  INFO 15456 --- [http-nio-8101-exec-2] o.s.web.servlet.DispatcherServlet        : FrameworkServlet 'dispatcherServlet': initialization completed in 35 ms
2018-11-03 10:45:29.523  INFO 15456 --- [http-nio-8101-exec-2] c.e.m.p.c.PerimeterServiceController     : PerimeterServiceController.getPerimeter.perimeter---> {}25.132741228718345
2018-11-03 10:45:36.021  INFO 13804 --- [http-nio-8100-exec-2] c.e.m.p.c.PerimeterServiceController     : PerimeterServiceController.getPerimeter.perimeter---> {}25.132741228718345
2018-11-03 10:45:38.690  INFO 15456 --- [http-nio-8101-exec-1] c.e.m.p.c.PerimeterServiceController     : PerimeterServiceController.getPerimeter.perimeter---> {}25.132741228718345
2018-11-03 10:45:39.620  INFO 13804 --- [http-nio-8100-exec-3] c.e.m.p.c.PerimeterServiceController     : PerimeterServiceController.getPerimeter.perimeter---> {}25.132741228718345
2018-11-03 10:45:40.401  INFO 15456 --- [http-nio-8101-exec-4] c.e.m.p.c.PerimeterServiceController     : PerimeterServiceController.getPerimeter.perimeter---> {}25.132741228718345
2018-11-03 10:45:41.249  INFO 13804 --- [http-nio-8100-exec-4] c.e.m.p.c.PerimeterServiceController     : PerimeterServiceController.getPerimeter.perimeter---> {}25.132741228718345
2018-11-03 10:46:23.849  INFO 15456 --- [http-nio-8101-exec-5] c.e.m.p.c.PerimeterServiceController     : PerimeterServiceController.getPerimeter.perimeter---> {}25.132741228718345
2018-11-03 11:09:23.242  INFO 13804 --- [http-nio-8100-exec-6] c.e.m.p.c.PerimeterServiceController     : PerimeterServiceController.getPerimeter.perimeter---> {}25.132741228718345
2018-11-03 11:11:05.754  INFO 15456 --- [http-nio-8101-exec-7] c.e.m.p.c.PerimeterServiceController     : PerimeterServiceController.getPerimeter.perimeter---> {}25.132741228718345
2018-11-03 18:44:03.056  INFO 13804 --- [http-nio-8100-exec-7] c.e.m.p.c.PerimeterServiceController     : PerimeterServiceController.getPerimeter.perimeter---> {}25.132741228718345
2018-11-03 18:46:13.385  INFO 15456 --- [http-nio-8101-exec-3] c.e.m.p.c.PerimeterServiceController     : PerimeterServiceController.getPerimeter.perimeter---> {}25.132741228718345
2018-11-03 18:46:17.472  INFO 13804 --- [http-nio-8100-exec-8] c.e.m.p.c.PerimeterServiceController     : PerimeterServiceController.getPerimeter.perimeter---> {}25.132741228718345
2018-11-03 18:47:42.550  INFO 15456 --- [http-nio-8101-exec-6] c.e.m.p.c.PerimeterServiceController     : PerimeterServiceController.getPerimeter.perimeter---> {}25.132741228718345
2018-11-03 18:56:50.841  INFO 13804 --- [RMI TCP Connection(511)-127.0.0.1] inMXBeanRegistrar$SpringApplicationAdmin : Application shutdown requested.
2018-11-03 18:56:50.849  INFO 13804 --- [RMI TCP Connection(511)-127.0.0.1] ConfigServletWebServerApplicationContext : Closing org.springframework.boot.web.servlet.context.AnnotationConfigServletWebServerApplicationContext@1a90061f: startup date [Sat Nov 03 10:36:05 IST 2018]; root of context hierarchy
2018-11-03 18:56:50.948  INFO 13804 --- [RMI TCP Connection(511)-127.0.0.1] o.s.j.e.a.AnnotationMBeanExporter        : Unregistering JMX-exposed beans on shutdown
